<?xml version="1.0" encoding="UTF-8"?>
<!-- Generated by org.testng.reporters.JUnitReportReporter -->
<testsuite skipped="0" hostname="SAJIDs-MBP.fios-router.home" name="waitsTestNG.FluentWaitTest" tests="2" failures="0" timestamp="2021-05-12T18:51:00 EDT" time="8.317" errors="0">
  <testcase name="radarTest" time="4.195" classname="waitsTestNG.FluentWaitTest"/>
  <testcase name="weekendTest" time="4.122" classname="waitsTestNG.FluentWaitTest"/>
</testsuite> <!-- waitsTestNG.FluentWaitTest -->
