<?xml version="1.0" encoding="UTF-8"?>
<!-- Generated by org.testng.reporters.JUnitReportReporter -->
<testsuite skipped="0" hostname="SAJIDs-MBP.fios-router.home" name="waitsTestNG.FrameToBeAvailableAndSwitchToIt" tests="1" failures="0" timestamp="2021-05-12T21:53:34 EDT" time="0.112" errors="0">
  <testcase name="iframeTest" time="0.112" classname="waitsTestNG.FrameToBeAvailableAndSwitchToIt"/>
</testsuite> <!-- waitsTestNG.FrameToBeAvailableAndSwitchToIt -->
