<?xml version="1.0" encoding="UTF-8"?>
<!-- Generated by org.testng.reporters.JUnitReportReporter -->
<testsuite skipped="0" hostname="SAJIDs-MBP.fios-router.home" name="WaitsTestNG.BasicWaitCommands" tests="4" failures="0" timestamp="2021-05-12T17:12:29 EDT" time="10.652" errors="0">
  <testcase name="elementToBeClickable" time="0.187" classname="WaitsTestNG.BasicWaitCommands"/>
  <testcase name="invisibilityOfElementLocated" time="10.084" classname="WaitsTestNG.BasicWaitCommands"/>
  <testcase name="presenceOfElementLocated" time="0.071" classname="WaitsTestNG.BasicWaitCommands"/>
  <testcase name="visibilityOfElementLocated" time="0.310" classname="WaitsTestNG.BasicWaitCommands"/>
</testsuite> <!-- WaitsTestNG.BasicWaitCommands -->
