<?xml version="1.0" encoding="UTF-8"?>
<!-- Generated by org.testng.reporters.JUnitReportReporter -->
<testsuite skipped="0" hostname="SAJIDs-MBP.fios-router.home" name="waitsTestNG.FluentWaitCarousel" tests="2" failures="0" timestamp="2021-05-14T11:46:02 EDT" time="24.626" errors="0">
  <testcase name="markdownsTest" time="19.923" classname="waitsTestNG.FluentWaitCarousel"/>
  <testcase name="joinNowTest" time="4.703" classname="waitsTestNG.FluentWaitCarousel"/>
</testsuite> <!-- waitsTestNG.FluentWaitCarousel -->
