<?xml version="1.0" encoding="UTF-8"?>
<!-- Generated by org.testng.reporters.JUnitReportReporter -->
<testsuite skipped="0" hostname="SAJIDs-MBP.fios-router.home" name="WaitsTestNG.AlertToBePresent" tests="2" failures="0" timestamp="2021-05-12T11:09:34 EDT" time="4.201" errors="0">
  <testcase name="AcceptTest" time="2.122" classname="WaitsTestNG.AlertToBePresent"/>
  <testcase name="DismissTest" time="2.079" classname="WaitsTestNG.AlertToBePresent"/>
</testsuite> <!-- WaitsTestNG.AlertToBePresent -->
