<?xml version="1.0" encoding="UTF-8"?>
<!-- Generated by org.testng.reporters.JUnitReportReporter -->
<testsuite skipped="0" hostname="SAJIDs-MBP.fios-router.home" name="WaitsTestNG.ImplicitWait" tests="3" failures="0" timestamp="2021-05-12T10:22:09 EDT" time="0.738" errors="0">
  <testcase name="ElementsToBeClickable2" time="0.233" classname="WaitsTestNG.ImplicitWait"/>
  <testcase name="ElementsToBeClickable1" time="0.302" classname="WaitsTestNG.ImplicitWait"/>
  <testcase name="ElementsToBeClickable3" time="0.203" classname="WaitsTestNG.ImplicitWait"/>
</testsuite> <!-- WaitsTestNG.ImplicitWait -->
